{
  "stats": {
    "suites": 1,
    "tests": 1,
    "passes": 1,
    "pending": 0,
    "failures": 0,
    "start": "2024-11-05T17:36:52.149Z",
    "end": "2024-11-05T17:36:57.182Z",
    "duration": 5033,
    "testsRegistered": 1,
    "passPercent": 100,
    "pendingPercent": 0,
    "other": 0,
    "hasOther": false,
    "skipped": 0,
    "hasSkipped": false
  },
  "results": [
    {
      "uuid": "dd3c6c19-9a4e-4b1a-916a-ca29fa501ee4",
      "title": "",
      "fullFile": "cypress\\e2e\\Login-incorreto.cy.js",
      "file": "cypress\\e2e\\Login-incorreto.cy.js",
      "beforeHooks": [],
      "afterHooks": [],
      "tests": [],
      "suites": [
        {
          "uuid": "a27cc5e5-a052-462c-91e5-3d576e0b525a",
          "title": "Página de Login",
          "fullFile": "",
          "file": "",
          "beforeHooks": [],
          "afterHooks": [],
          "tests": [
            {
              "title": "Deve preencher os campos do formulário corretamente para logar um usuário",
              "fullTitle": "Página de Login Deve preencher os campos do formulário corretamente para logar um usuário",
              "timedOut": null,
              "duration": 2606,
              "state": "passed",
              "speed": "fast",
              "pass": true,
              "fail": false,
              "pending": false,
              "context": null,
              "code": "cy.get('[name=\"email\"]').type(\"anaananana\");\ncy.get('[name=\"password\"]').type('enha123');\ncy.get('[data-test=\"submit-button\"]').click();\ncy.contains(\"Por favor, verifique o email digitado\").should(\"be.visible\");\ncy.contains(\"A senha deve conter pelo menos uma letra maiúscula, um número e ter entre 6 e 15 caracteres\").should(\"be.visible\");",
              "err": {},
              "uuid": "0f64078b-2d46-4912-b324-ec63ce56b488",
              "parentUUID": "a27cc5e5-a052-462c-91e5-3d576e0b525a",
              "isHook": false,
              "skipped": false
            }
          ],
          "suites": [],
          "passes": [
            "0f64078b-2d46-4912-b324-ec63ce56b488"
          ],
          "failures": [],
          "pending": [],
          "skipped": [],
          "duration": 2606,
          "root": false,
          "rootEmpty": false,
          "_timeout": 2000
        }
      ],
      "passes": [],
      "failures": [],
      "pending": [],
      "skipped": [],
      "duration": 0,
      "root": true,
      "rootEmpty": true,
      "_timeout": 2000
    }
  ],
  "meta": {
    "mocha": {
      "version": "7.0.1"
    },
    "mochawesome": {
      "options": {
        "quiet": false,
        "reportFilename": "mochawesome",
        "saveHtml": false,
        "saveJson": true,
        "consoleReporter": "spec",
        "useInlineDiffs": false,
        "code": true
      },
      "version": "7.1.3"
    },
    "marge": {
      "options": {
        "reportDir": "cypress/results",
        "overwrite": false,
        "html": false,
        "json": true,
        "timestamp": "dd/mm/yyyy - HH:MM:ss"
      },
      "version": "6.2.0"
    }
  }
}