{
  "stats": {
    "suites": 1,
    "tests": 1,
    "passes": 1,
    "pending": 0,
    "failures": 0,
    "start": "2024-11-05T17:36:22.233Z",
    "end": "2024-11-05T17:36:29.462Z",
    "duration": 7229,
    "testsRegistered": 1,
    "passPercent": 100,
    "pendingPercent": 0,
    "other": 0,
    "hasOther": false,
    "skipped": 0,
    "hasSkipped": false
  },
  "results": [
    {
      "uuid": "ce4ddd67-137c-465f-b432-3420e675e81e",
      "title": "",
      "fullFile": "cypress\\e2e\\Cadastro-correto.cy.js",
      "file": "cypress\\e2e\\Cadastro-correto.cy.js",
      "beforeHooks": [],
      "afterHooks": [],
      "tests": [],
      "suites": [
        {
          "uuid": "993dc52f-fb90-483e-b243-3a72c92214c8",
          "title": "Página de Cadastro",
          "fullFile": "",
          "file": "",
          "beforeHooks": [],
          "afterHooks": [],
          "tests": [
            {
              "title": "Deve preencher os campos do formulário corretamente para cadastrar um novo usuário",
              "fullTitle": "Página de Cadastro Deve preencher os campos do formulário corretamente para cadastrar um novo usuário",
              "timedOut": null,
              "duration": 4058,
              "state": "passed",
              "speed": "fast",
              "pass": true,
              "fail": false,
              "pending": false,
              "context": null,
              "code": "cy.get('[data-test=\"input-name\"]').type('Ana de Jesus');\ncy.get('[data-test=\"input-email\"]').type('anaananana@email.com');\ncy.get('[data-test=\"input-password\"]').type('Senha123');\ncy.get('[data-test=\"input-confirm-password\"]').type('Senha123');\ncy.get('[data-test=\"submit-button\"]').click();",
              "err": {},
              "uuid": "4645f2dc-00b3-43be-b65d-fc3b8ef3b482",
              "parentUUID": "993dc52f-fb90-483e-b243-3a72c92214c8",
              "isHook": false,
              "skipped": false
            }
          ],
          "suites": [],
          "passes": [
            "4645f2dc-00b3-43be-b65d-fc3b8ef3b482"
          ],
          "failures": [],
          "pending": [],
          "skipped": [],
          "duration": 4058,
          "root": false,
          "rootEmpty": false,
          "_timeout": 2000
        }
      ],
      "passes": [],
      "failures": [],
      "pending": [],
      "skipped": [],
      "duration": 0,
      "root": true,
      "rootEmpty": true,
      "_timeout": 2000
    }
  ],
  "meta": {
    "mocha": {
      "version": "7.0.1"
    },
    "mochawesome": {
      "options": {
        "quiet": false,
        "reportFilename": "mochawesome",
        "saveHtml": false,
        "saveJson": true,
        "consoleReporter": "spec",
        "useInlineDiffs": false,
        "code": true
      },
      "version": "7.1.3"
    },
    "marge": {
      "options": {
        "reportDir": "cypress/results",
        "overwrite": false,
        "html": false,
        "json": true,
        "timestamp": "dd/mm/yyyy - HH:MM:ss"
      },
      "version": "6.2.0"
    }
  }
}