{
  "stats": {
    "suites": 1,
    "tests": 1,
    "passes": 1,
    "pending": 0,
    "failures": 0,
    "start": "2024-11-05T17:36:42.466Z",
    "end": "2024-11-05T17:36:48.079Z",
    "duration": 5613,
    "testsRegistered": 1,
    "passPercent": 100,
    "pendingPercent": 0,
    "other": 0,
    "hasOther": false,
    "skipped": 0,
    "hasSkipped": false
  },
  "results": [
    {
      "uuid": "37a1b364-9892-4cf0-ada5-d4fe22da4247",
      "title": "",
      "fullFile": "cypress\\e2e\\Login-correto.cy.js",
      "file": "cypress\\e2e\\Login-correto.cy.js",
      "beforeHooks": [],
      "afterHooks": [],
      "tests": [],
      "suites": [
        {
          "uuid": "d939fa97-1a88-4610-8f44-1c026eab9719",
          "title": "Página de Login",
          "fullFile": "",
          "file": "",
          "beforeHooks": [],
          "afterHooks": [],
          "tests": [
            {
              "title": "Deve preencher os campos do formulário corretamente para logar um usuário",
              "fullTitle": "Página de Login Deve preencher os campos do formulário corretamente para logar um usuário",
              "timedOut": null,
              "duration": 3129,
              "state": "passed",
              "speed": "fast",
              "pass": true,
              "fail": false,
              "pending": false,
              "context": null,
              "code": "cy.get('[name=\"email\"]').type(\"anaananana@email.com\");\ncy.get('[name=\"password\"]').type('Senha123');\ncy.get('[data-test=\"submit-button\"]').click();\n//cy.get('a[class=\"card__contact\"]').first().click();",
              "err": {},
              "uuid": "9c6578ac-cca5-4426-ab48-dedb8be20bfe",
              "parentUUID": "d939fa97-1a88-4610-8f44-1c026eab9719",
              "isHook": false,
              "skipped": false
            }
          ],
          "suites": [],
          "passes": [
            "9c6578ac-cca5-4426-ab48-dedb8be20bfe"
          ],
          "failures": [],
          "pending": [],
          "skipped": [],
          "duration": 3129,
          "root": false,
          "rootEmpty": false,
          "_timeout": 2000
        }
      ],
      "passes": [],
      "failures": [],
      "pending": [],
      "skipped": [],
      "duration": 0,
      "root": true,
      "rootEmpty": true,
      "_timeout": 2000
    }
  ],
  "meta": {
    "mocha": {
      "version": "7.0.1"
    },
    "mochawesome": {
      "options": {
        "quiet": false,
        "reportFilename": "mochawesome",
        "saveHtml": false,
        "saveJson": true,
        "consoleReporter": "spec",
        "useInlineDiffs": false,
        "code": true
      },
      "version": "7.1.3"
    },
    "marge": {
      "options": {
        "reportDir": "cypress/results",
        "overwrite": false,
        "html": false,
        "json": true,
        "timestamp": "dd/mm/yyyy - HH:MM:ss"
      },
      "version": "6.2.0"
    }
  }
}