{
  "stats": {
    "suites": 1,
    "tests": 1,
    "passes": 1,
    "pending": 0,
    "failures": 0,
    "start": "2024-11-05T17:36:33.873Z",
    "end": "2024-11-05T17:36:38.184Z",
    "duration": 4311,
    "testsRegistered": 1,
    "passPercent": 100,
    "pendingPercent": 0,
    "other": 0,
    "hasOther": false,
    "skipped": 0,
    "hasSkipped": false
  },
  "results": [
    {
      "uuid": "21fcf36f-915d-4c28-8b4f-003f179b864b",
      "title": "",
      "fullFile": "cypress\\e2e\\Cadastro-incorreto.cy.js",
      "file": "cypress\\e2e\\Cadastro-incorreto.cy.js",
      "beforeHooks": [],
      "afterHooks": [],
      "tests": [],
      "suites": [
        {
          "uuid": "f2ebab91-7d5a-4d4f-a5a1-190387f3f22c",
          "title": "Página de Cadastro",
          "fullFile": "",
          "file": "",
          "beforeHooks": [],
          "afterHooks": [],
          "tests": [
            {
              "title": "Preencher os campos incorretamente e exibir mensagem ao usuário",
              "fullTitle": "Página de Cadastro Preencher os campos incorretamente e exibir mensagem ao usuário",
              "timedOut": null,
              "duration": 1599,
              "state": "passed",
              "speed": "fast",
              "pass": true,
              "fail": false,
              "pending": false,
              "context": null,
              "code": "cy.get('[data-test=\"submit-button\"]').click();\ncy.contains('É necessário informar um endereço de email').should('be.visible');\ncy.contains('Crie uma senha').should('be.visible');\ncy.contains('Repita a senha criada acima').should('be.visible');",
              "err": {},
              "uuid": "e5eb2131-cee9-4e00-9860-2c9bf88f4f05",
              "parentUUID": "f2ebab91-7d5a-4d4f-a5a1-190387f3f22c",
              "isHook": false,
              "skipped": false
            }
          ],
          "suites": [],
          "passes": [
            "e5eb2131-cee9-4e00-9860-2c9bf88f4f05"
          ],
          "failures": [],
          "pending": [],
          "skipped": [],
          "duration": 1599,
          "root": false,
          "rootEmpty": false,
          "_timeout": 2000
        }
      ],
      "passes": [],
      "failures": [],
      "pending": [],
      "skipped": [],
      "duration": 0,
      "root": true,
      "rootEmpty": true,
      "_timeout": 2000
    }
  ],
  "meta": {
    "mocha": {
      "version": "7.0.1"
    },
    "mochawesome": {
      "options": {
        "quiet": false,
        "reportFilename": "mochawesome",
        "saveHtml": false,
        "saveJson": true,
        "consoleReporter": "spec",
        "useInlineDiffs": false,
        "code": true
      },
      "version": "7.1.3"
    },
    "marge": {
      "options": {
        "reportDir": "cypress/results",
        "overwrite": false,
        "html": false,
        "json": true,
        "timestamp": "dd/mm/yyyy - HH:MM:ss"
      },
      "version": "6.2.0"
    }
  }
}